<?xml version="1.0" encoding="UTF-8"?>
<!-- Generated by org.testng.reporters.JUnitReportReporter -->
<testsuite hostname="Tenzins-MacBook-Pro-2.local" failures="0" tests="1" name="org.example.GoogleSearchtest" time="11.986" errors="0" timestamp="2023-03-29T10:39:18 IST" skipped="0">
  <testcase classname="org.example.GoogleSearchtest" name="googleTest" time="11.986"/>
  <system-out/>
</testsuite> <!-- org.example.GoogleSearchtest -->
